Using pre-set license
Built from '2020.3/china_unity/release' branch; Version is '2020.3.35f1c2 (6cc21a1fd4c6) revision 7127578'; Using compiler version '192528614'; Build Type 'Release'
OS: 'Windows 11  (10.0.22000) 64bit CoreCountrySpecific' Language: 'zh' Physical Memory: 16076 MB
BatchMode: 1, IsHumanControllingUs: 0, StartBugReporterOnCrash: 0, Is64bit: 1, IsPro: 0

COMMAND LINE ARGUMENTS:
D:\Program Files\Unity\2020.3.35f1c2\Editor\Unity.exe
-adb2
-batchMode
-noUpm
-name
AssetImportWorker0
-projectPath
D:/Project/Unity Project/LittleFox
-logFile
Logs/AssetImportWorker0.log
-srvPort
9204
Successfully changed project path to: D:/Project/Unity Project/LittleFox
D:/Project/Unity Project/LittleFox
Using Asset Import Pipeline V2.
AS: AutoStreaming module initializing.Refreshing native plugins compatible for Editor in 34.65 ms, found 3 plugins.
Preloading 0 native plugins for Editor in 0.00 ms.
Initialize engine version: 2020.3.35f1c2 (6cc21a1fd4c6)
[Subsystems] Discovering subsystems at path D:/Program Files/Unity/2020.3.35f1c2/Editor/Data/Resources/UnitySubsystems
[Subsystems] Discovering subsystems at path D:/Project/Unity Project/LittleFox/Assets
GfxDevice: creating device client; threaded=0
Direct3D:
    Version:  Direct3D 11.0 [level 11.1]
    Renderer: NVIDIA GeForce RTX 3060 Laptop GPU (ID=0x2520)
    Vendor:   
    VRAM:     6023 MB
    Driver:   30.0.15.1277
Initialize mono
Mono path[0] = 'D:/Program Files/Unity/2020.3.35f1c2/Editor/Data/Managed'
Mono path[1] = 'D:/Program Files/Unity/2020.3.35f1c2/Editor/Data/MonoBleedingEdge/lib/mono/unityjit'
Mono config path = 'D:/Program Files/Unity/2020.3.35f1c2/Editor/Data/MonoBleedingEdge/etc'
Using monoOptions --debugger-agent=transport=dt_socket,embedding=1,server=y,suspend=n,address=127.0.0.1:56860
Begin MonoManager ReloadAssembly
Registering precompiled unity dll's ...
Register platform support module: D:/Program Files/Unity/2020.3.35f1c2/Editor/Data/PlaybackEngines/WindowsStandaloneSupport/UnityEditor.WindowsStandalone.Extensions.dll
Registered in 0.000522 seconds.
Native extension for WindowsStandalone target not found
Refreshing native plugins compatible for Editor in 33.53 ms, found 3 plugins.
Preloading 0 native plugins for Editor in 0.00 ms.
Mono: successfully reloaded assembly
- Completed reload, in  0.379 seconds
Domain Reload Profiling:
	ReloadAssembly (379ms)
		BeginReloadAssembly (47ms)
			ExecutionOrderSort (0ms)
			DisableScriptedObjects (0ms)
			BackupInstance (0ms)
			ReleaseScriptingObjects (0ms)
			CreateAndSetChildDomain (1ms)
		EndReloadAssembly (290ms)
			LoadAssemblies (52ms)
			RebuildTransferFunctionScriptingTraits (0ms)
			SetupTypeCache (89ms)
			ReleaseScriptCaches (0ms)
			RebuildScriptCaches (18ms)
			SetupLoadedEditorAssemblies (117ms)
				LogAssemblyErrors (0ms)
				InitializePlatformSupportModulesInManaged (3ms)
				SetLoadedEditorAssemblies (0ms)
				RefreshPlugins (34ms)
				BeforeProcessingInitializeOnLoad (11ms)
				ProcessInitializeOnLoadAttributes (52ms)
				ProcessInitializeOnLoadMethodAttributes (18ms)
				AfterProcessingInitializeOnLoad (0ms)
				EditorAssembliesLoaded (0ms)
			ExecutionOrderSort2 (0ms)
			AwakeInstancesAfterBackupRestoration (0ms)
Platform modules already initialized, skipping
Registering precompiled user dll's ...
Registered in 0.001104 seconds.
Begin MonoManager ReloadAssembly
Native extension for WindowsStandalone target not found
Refreshing native plugins compatible for Editor in 32.96 ms, found 3 plugins.
Preloading 0 native plugins for Editor in 0.00 ms.
<WakaTime> Initializing...
UnityEngine.StackTraceUtility:ExtractStackTrace ()
UnityEngine.DebugLogHandler:LogFormat (UnityEngine.LogType,UnityEngine.Object,string,object[])
UnityEngine.Logger:Log (UnityEngine.LogType,object)
UnityEngine.Debug:Log (object)
WakaTime.Plugin:Initialize () (at E:/Git Clone/unity-wakatime-2.4.0/unity-wakatime-2.4.0/Assets/com.vladfaust.unitywakatime/Editor/Plugin.cs:60)
WakaTime.Plugin:.cctor () (at E:/Git Clone/unity-wakatime-2.4.0/unity-wakatime-2.4.0/Assets/com.vladfaust.unitywakatime/Editor/Plugin.cs:34)
System.Runtime.CompilerServices.RuntimeHelpers:RunClassConstructor (System.RuntimeTypeHandle)
UnityEditor.EditorAssemblies:ProcessInitializeOnLoadAttributes (System.Type[])

(Filename: E:/Git Clone/unity-wakatime-2.4.0/unity-wakatime-2.4.0/Assets/com.vladfaust.unitywakatime/Editor/Plugin.cs Line: 60)

<WakaTime> Sending heartbeat...
UnityEngine.StackTraceUtility:ExtractStackTrace ()
UnityEngine.DebugLogHandler:LogFormat (UnityEngine.LogType,UnityEngine.Object,string,object[])
UnityEngine.Logger:Log (UnityEngine.LogType,object)
UnityEngine.Debug:Log (object)
WakaTime.Plugin:SendHeartbeat (bool) (at E:/Git Clone/unity-wakatime-2.4.0/unity-wakatime-2.4.0/Assets/com.vladfaust.unitywakatime/Editor/Plugin.cs:128)
WakaTime.Plugin:Initialize () (at E:/Git Clone/unity-wakatime-2.4.0/unity-wakatime-2.4.0/Assets/com.vladfaust.unitywakatime/Editor/Plugin.cs:62)
WakaTime.Plugin:.cctor () (at E:/Git Clone/unity-wakatime-2.4.0/unity-wakatime-2.4.0/Assets/com.vladfaust.unitywakatime/Editor/Plugin.cs:34)
System.Runtime.CompilerServices.RuntimeHelpers:RunClassConstructor (System.RuntimeTypeHandle)
UnityEditor.EditorAssemblies:ProcessInitializeOnLoadAttributes (System.Type[])

(Filename: E:/Git Clone/unity-wakatime-2.4.0/unity-wakatime-2.4.0/Assets/com.vladfaust.unitywakatime/Editor/Plugin.cs Line: 128)

Mono: successfully reloaded assembly
- Completed reload, in  0.760 seconds
Domain Reload Profiling:
	ReloadAssembly (761ms)
		BeginReloadAssembly (93ms)
			ExecutionOrderSort (0ms)
			DisableScriptedObjects (3ms)
			BackupInstance (0ms)
			ReleaseScriptingObjects (0ms)
			CreateAndSetChildDomain (13ms)
		EndReloadAssembly (629ms)
			LoadAssemblies (82ms)
			RebuildTransferFunctionScriptingTraits (0ms)
			SetupTypeCache (180ms)
			ReleaseScriptCaches (0ms)
			RebuildScriptCaches (33ms)
			SetupLoadedEditorAssemblies (268ms)
				LogAssemblyErrors (0ms)
				InitializePlatformSupportModulesInManaged (2ms)
				SetLoadedEditorAssemblies (0ms)
				RefreshPlugins (33ms)
				BeforeProcessingInitializeOnLoad (51ms)
				ProcessInitializeOnLoadAttributes (166ms)
				ProcessInitializeOnLoadMethodAttributes (14ms)
				AfterProcessingInitializeOnLoad (2ms)
				EditorAssembliesLoaded (0ms)
			ExecutionOrderSort2 (0ms)
			AwakeInstancesAfterBackupRestoration (1ms)
Platform modules already initialized, skipping
========================================================================
Worker process is ready to serve import requests
Launched and connected shader compiler UnityShaderCompiler.exe after 0.04 seconds
Refreshing native plugins compatible for Editor in 0.37 ms, found 3 plugins.
Preloading 0 native plugins for Editor in 0.00 ms.
Unloading 2358 Unused Serialized files (Serialized files now loaded: 0)
System memory in use before: 105.2 MB.
System memory in use after: 105.3 MB.

Unloading 32 unused Assets to reduce memory usage. Loaded Objects now: 2792.
Total: 2.274200 ms (FindLiveObjects: 0.121600 ms CreateObjectMapping: 0.052700 ms MarkObjects: 2.001100 ms  DeleteObjects: 0.097900 ms)

AssetImportParameters requested are different than current active one (requested -> active):
  custom:framework-win-MediaFoundation: 216162199b28c13a410421893ffa2e32 -> 
  custom:video-decoder-ogg-theora: a1e56fd34408186e4bbccfd4996cb3dc -> 
  custom:container-muxer-webm: aa71ff27fc2769a1b78a27578f13a17b -> 
  custom:container-demuxer-webm: 4f35f7cbe854078d1ac9338744f61a02 -> 
  custom:container-demuxer-ogg: 62fdf1f143b41e24485cea50d1cbac27 -> 
  custom:video-encoder-webm-vp8: eb34c28f22e8b96e1ab97ce403110664 -> 
  custom:video-codec-MediaFoundation-h265: 746d11721c4dcdbdad8f713fa42b33f4 -> 
  custom:video-decoder-webm-vp8: 9c59270c3fd7afecdb556c50c9e8de78 -> 
  custom:audio-decoder-ogg-vorbis: bf7c407c2cedff20999df2af8eb42d56 -> 
  custom:audio-encoder-webm-vorbis: bf7c407c2cedff20999df2af8eb42d56 -> 
========================================================================
Received Import Request.
  path: Assets/Animation/Enemy/FrogIdll.anim
  artifactKey: Guid(c68dfae615f1c054aa563cc74e957834) Importer(815301076,1909f56bfc062723c751e8b465ee728b)
Start importing Assets/Animation/Enemy/FrogIdll.anim using Guid(c68dfae615f1c054aa563cc74e957834) Importer(815301076,1909f56bfc062723c751e8b465ee728b)  -> (artifact id: 'cc9e4ee3f6357ecb5a950eed56cdb31d') in 0.022027 seconds 
========================================================================
Received Prepare
Registering precompiled user dll's ...
Registered in 0.001188 seconds.
Begin MonoManager ReloadAssembly
Native extension for WindowsStandalone target not found
Refreshing native plugins compatible for Editor in 0.38 ms, found 3 plugins.
Preloading 0 native plugins for Editor in 0.00 ms.
<WakaTime> Initializing...
UnityEngine.StackTraceUtility:ExtractStackTrace ()
UnityEngine.DebugLogHandler:LogFormat (UnityEngine.LogType,UnityEngine.Object,string,object[])
UnityEngine.Logger:Log (UnityEngine.LogType,object)
UnityEngine.Debug:Log (object)
WakaTime.Plugin:Initialize () (at E:/Git Clone/unity-wakatime-2.4.0/unity-wakatime-2.4.0/Assets/com.vladfaust.unitywakatime/Editor/Plugin.cs:60)
WakaTime.Plugin:.cctor () (at E:/Git Clone/unity-wakatime-2.4.0/unity-wakatime-2.4.0/Assets/com.vladfaust.unitywakatime/Editor/Plugin.cs:34)
System.Runtime.CompilerServices.RuntimeHelpers:RunClassConstructor (System.RuntimeTypeHandle)
UnityEditor.EditorAssemblies:ProcessInitializeOnLoadAttributes (System.Type[])

(Filename: E:/Git Clone/unity-wakatime-2.4.0/unity-wakatime-2.4.0/Assets/com.vladfaust.unitywakatime/Editor/Plugin.cs Line: 60)

<WakaTime> Sending heartbeat...
UnityEngine.StackTraceUtility:ExtractStackTrace ()
UnityEngine.DebugLogHandler:LogFormat (UnityEngine.LogType,UnityEngine.Object,string,object[])
UnityEngine.Logger:Log (UnityEngine.LogType,object)
UnityEngine.Debug:Log (object)
WakaTime.Plugin:SendHeartbeat (bool) (at E:/Git Clone/unity-wakatime-2.4.0/unity-wakatime-2.4.0/Assets/com.vladfaust.unitywakatime/Editor/Plugin.cs:128)
WakaTime.Plugin:Initialize () (at E:/Git Clone/unity-wakatime-2.4.0/unity-wakatime-2.4.0/Assets/com.vladfaust.unitywakatime/Editor/Plugin.cs:62)
WakaTime.Plugin:.cctor () (at E:/Git Clone/unity-wakatime-2.4.0/unity-wakatime-2.4.0/Assets/com.vladfaust.unitywakatime/Editor/Plugin.cs:34)
System.Runtime.CompilerServices.RuntimeHelpers:RunClassConstructor (System.RuntimeTypeHandle)
UnityEditor.EditorAssemblies:ProcessInitializeOnLoadAttributes (System.Type[])

(Filename: E:/Git Clone/unity-wakatime-2.4.0/unity-wakatime-2.4.0/Assets/com.vladfaust.unitywakatime/Editor/Plugin.cs Line: 128)

Mono: successfully reloaded assembly
- Completed reload, in  0.647 seconds
Domain Reload Profiling:
	ReloadAssembly (647ms)
		BeginReloadAssembly (80ms)
			ExecutionOrderSort (0ms)
			DisableScriptedObjects (4ms)
			BackupInstance (0ms)
			ReleaseScriptingObjects (0ms)
			CreateAndSetChildDomain (28ms)
		EndReloadAssembly (532ms)
			LoadAssemblies (62ms)
			RebuildTransferFunctionScriptingTraits (0ms)
			SetupTypeCache (182ms)
			ReleaseScriptCaches (1ms)
			RebuildScriptCaches (28ms)
			SetupLoadedEditorAssemblies (207ms)
				LogAssemblyErrors (0ms)
				InitializePlatformSupportModulesInManaged (3ms)
				SetLoadedEditorAssemblies (1ms)
				RefreshPlugins (0ms)
				BeforeProcessingInitializeOnLoad (54ms)
				ProcessInitializeOnLoadAttributes (137ms)
				ProcessInitializeOnLoadMethodAttributes (11ms)
				AfterProcessingInitializeOnLoad (1ms)
				EditorAssembliesLoaded (0ms)
			ExecutionOrderSort2 (0ms)
			AwakeInstancesAfterBackupRestoration (3ms)
Platform modules already initialized, skipping
Refreshing native plugins compatible for Editor in 0.42 ms, found 3 plugins.
Preloading 0 native plugins for Editor in 0.00 ms.
Unloading 2351 Unused Serialized files (Serialized files now loaded: 0)
System memory in use before: 105.2 MB.
System memory in use after: 105.2 MB.

Unloading 21 unused Assets to reduce memory usage. Loaded Objects now: 2795.
Total: 2.282400 ms (FindLiveObjects: 0.113500 ms CreateObjectMapping: 0.045600 ms MarkObjects: 2.032700 ms  DeleteObjects: 0.089700 ms)

AssetImportParameters requested are different than current active one (requested -> active):
  custom:framework-win-MediaFoundation: 216162199b28c13a410421893ffa2e32 -> 
  custom:video-decoder-ogg-theora: a1e56fd34408186e4bbccfd4996cb3dc -> 
  custom:container-muxer-webm: aa71ff27fc2769a1b78a27578f13a17b -> 
  custom:container-demuxer-webm: 4f35f7cbe854078d1ac9338744f61a02 -> 
  custom:container-demuxer-ogg: 62fdf1f143b41e24485cea50d1cbac27 -> 
  custom:video-encoder-webm-vp8: eb34c28f22e8b96e1ab97ce403110664 -> 
  custom:video-codec-MediaFoundation-h265: 746d11721c4dcdbdad8f713fa42b33f4 -> 
  custom:video-decoder-webm-vp8: 9c59270c3fd7afecdb556c50c9e8de78 -> 
  custom:audio-decoder-ogg-vorbis: bf7c407c2cedff20999df2af8eb42d56 -> 
  custom:audio-encoder-webm-vorbis: bf7c407c2cedff20999df2af8eb42d56 -> 
========================================================================
Received Prepare
Registering precompiled user dll's ...
Registered in 0.001281 seconds.
Begin MonoManager ReloadAssembly
Native extension for WindowsStandalone target not found
Refreshing native plugins compatible for Editor in 0.40 ms, found 3 plugins.
Preloading 0 native plugins for Editor in 0.00 ms.
<WakaTime> Initializing...
UnityEngine.StackTraceUtility:ExtractStackTrace ()
UnityEngine.DebugLogHandler:LogFormat (UnityEngine.LogType,UnityEngine.Object,string,object[])
UnityEngine.Logger:Log (UnityEngine.LogType,object)
UnityEngine.Debug:Log (object)
WakaTime.Plugin:Initialize () (at E:/Git Clone/unity-wakatime-2.4.0/unity-wakatime-2.4.0/Assets/com.vladfaust.unitywakatime/Editor/Plugin.cs:60)
WakaTime.Plugin:.cctor () (at E:/Git Clone/unity-wakatime-2.4.0/unity-wakatime-2.4.0/Assets/com.vladfaust.unitywakatime/Editor/Plugin.cs:34)
System.Runtime.CompilerServices.RuntimeHelpers:RunClassConstructor (System.RuntimeTypeHandle)
UnityEditor.EditorAssemblies:ProcessInitializeOnLoadAttributes (System.Type[])

(Filename: E:/Git Clone/unity-wakatime-2.4.0/unity-wakatime-2.4.0/Assets/com.vladfaust.unitywakatime/Editor/Plugin.cs Line: 60)

<WakaTime> Sending heartbeat...
UnityEngine.StackTraceUtility:ExtractStackTrace ()
UnityEngine.DebugLogHandler:LogFormat (UnityEngine.LogType,UnityEngine.Object,string,object[])
UnityEngine.Logger:Log (UnityEngine.LogType,object)
UnityEngine.Debug:Log (object)
WakaTime.Plugin:SendHeartbeat (bool) (at E:/Git Clone/unity-wakatime-2.4.0/unity-wakatime-2.4.0/Assets/com.vladfaust.unitywakatime/Editor/Plugin.cs:128)
WakaTime.Plugin:Initialize () (at E:/Git Clone/unity-wakatime-2.4.0/unity-wakatime-2.4.0/Assets/com.vladfaust.unitywakatime/Editor/Plugin.cs:62)
WakaTime.Plugin:.cctor () (at E:/Git Clone/unity-wakatime-2.4.0/unity-wakatime-2.4.0/Assets/com.vladfaust.unitywakatime/Editor/Plugin.cs:34)
System.Runtime.CompilerServices.RuntimeHelpers:RunClassConstructor (System.RuntimeTypeHandle)
UnityEditor.EditorAssemblies:ProcessInitializeOnLoadAttributes (System.Type[])

(Filename: E:/Git Clone/unity-wakatime-2.4.0/unity-wakatime-2.4.0/Assets/com.vladfaust.unitywakatime/Editor/Plugin.cs Line: 128)

Mono: successfully reloaded assembly
- Completed reload, in  0.659 seconds
Domain Reload Profiling:
	ReloadAssembly (660ms)
		BeginReloadAssembly (81ms)
			ExecutionOrderSort (0ms)
			DisableScriptedObjects (5ms)
			BackupInstance (0ms)
			ReleaseScriptingObjects (0ms)
			CreateAndSetChildDomain (26ms)
		EndReloadAssembly (541ms)
			LoadAssemblies (62ms)
			RebuildTransferFunctionScriptingTraits (0ms)
			SetupTypeCache (186ms)
			ReleaseScriptCaches (1ms)
			RebuildScriptCaches (29ms)
			SetupLoadedEditorAssemblies (207ms)
				LogAssemblyErrors (0ms)
				InitializePlatformSupportModulesInManaged (3ms)
				SetLoadedEditorAssemblies (0ms)
				RefreshPlugins (0ms)
				BeforeProcessingInitializeOnLoad (53ms)
				ProcessInitializeOnLoadAttributes (139ms)
				ProcessInitializeOnLoadMethodAttributes (9ms)
				AfterProcessingInitializeOnLoad (1ms)
				EditorAssembliesLoaded (0ms)
			ExecutionOrderSort2 (0ms)
			AwakeInstancesAfterBackupRestoration (3ms)
Platform modules already initialized, skipping
Refreshing native plugins compatible for Editor in 0.37 ms, found 3 plugins.
Preloading 0 native plugins for Editor in 0.00 ms.
Unloading 2351 Unused Serialized files (Serialized files now loaded: 0)
System memory in use before: 105.2 MB.
System memory in use after: 105.3 MB.

Unloading 21 unused Assets to reduce memory usage. Loaded Objects now: 2798.
Total: 2.203900 ms (FindLiveObjects: 0.121100 ms CreateObjectMapping: 0.050400 ms MarkObjects: 1.942300 ms  DeleteObjects: 0.089300 ms)

AssetImportParameters requested are different than current active one (requested -> active):
  custom:framework-win-MediaFoundation: 216162199b28c13a410421893ffa2e32 -> 
  custom:video-decoder-ogg-theora: a1e56fd34408186e4bbccfd4996cb3dc -> 
  custom:container-muxer-webm: aa71ff27fc2769a1b78a27578f13a17b -> 
  custom:container-demuxer-webm: 4f35f7cbe854078d1ac9338744f61a02 -> 
  custom:container-demuxer-ogg: 62fdf1f143b41e24485cea50d1cbac27 -> 
  custom:video-encoder-webm-vp8: eb34c28f22e8b96e1ab97ce403110664 -> 
  custom:video-codec-MediaFoundation-h265: 746d11721c4dcdbdad8f713fa42b33f4 -> 
  custom:video-decoder-webm-vp8: 9c59270c3fd7afecdb556c50c9e8de78 -> 
  custom:audio-decoder-ogg-vorbis: bf7c407c2cedff20999df2af8eb42d56 -> 
  custom:audio-encoder-webm-vorbis: bf7c407c2cedff20999df2af8eb42d56 -> 
========================================================================
Received Prepare
Registering precompiled user dll's ...
Registered in 0.001162 seconds.
Begin MonoManager ReloadAssembly
Native extension for WindowsStandalone target not found
Refreshing native plugins compatible for Editor in 0.54 ms, found 3 plugins.
Preloading 0 native plugins for Editor in 0.00 ms.
<WakaTime> Initializing...
UnityEngine.StackTraceUtility:ExtractStackTrace ()
UnityEngine.DebugLogHandler:LogFormat (UnityEngine.LogType,UnityEngine.Object,string,object[])
UnityEngine.Logger:Log (UnityEngine.LogType,object)
UnityEngine.Debug:Log (object)
WakaTime.Plugin:Initialize () (at E:/Git Clone/unity-wakatime-2.4.0/unity-wakatime-2.4.0/Assets/com.vladfaust.unitywakatime/Editor/Plugin.cs:60)
WakaTime.Plugin:.cctor () (at E:/Git Clone/unity-wakatime-2.4.0/unity-wakatime-2.4.0/Assets/com.vladfaust.unitywakatime/Editor/Plugin.cs:34)
System.Runtime.CompilerServices.RuntimeHelpers:RunClassConstructor (System.RuntimeTypeHandle)
UnityEditor.EditorAssemblies:ProcessInitializeOnLoadAttributes (System.Type[])

(Filename: E:/Git Clone/unity-wakatime-2.4.0/unity-wakatime-2.4.0/Assets/com.vladfaust.unitywakatime/Editor/Plugin.cs Line: 60)

<WakaTime> Sending heartbeat...
UnityEngine.StackTraceUtility:ExtractStackTrace ()
UnityEngine.DebugLogHandler:LogFormat (UnityEngine.LogType,UnityEngine.Object,string,object[])
UnityEngine.Logger:Log (UnityEngine.LogType,object)
UnityEngine.Debug:Log (object)
WakaTime.Plugin:SendHeartbeat (bool) (at E:/Git Clone/unity-wakatime-2.4.0/unity-wakatime-2.4.0/Assets/com.vladfaust.unitywakatime/Editor/Plugin.cs:128)
WakaTime.Plugin:Initialize () (at E:/Git Clone/unity-wakatime-2.4.0/unity-wakatime-2.4.0/Assets/com.vladfaust.unitywakatime/Editor/Plugin.cs:62)
WakaTime.Plugin:.cctor () (at E:/Git Clone/unity-wakatime-2.4.0/unity-wakatime-2.4.0/Assets/com.vladfaust.unitywakatime/Editor/Plugin.cs:34)
System.Runtime.CompilerServices.RuntimeHelpers:RunClassConstructor (System.RuntimeTypeHandle)
UnityEditor.EditorAssemblies:ProcessInitializeOnLoadAttributes (System.Type[])

(Filename: E:/Git Clone/unity-wakatime-2.4.0/unity-wakatime-2.4.0/Assets/com.vladfaust.unitywakatime/Editor/Plugin.cs Line: 128)

Mono: successfully reloaded assembly
- Completed reload, in  0.730 seconds
Domain Reload Profiling:
	ReloadAssembly (731ms)
		BeginReloadAssembly (81ms)
			ExecutionOrderSort (0ms)
			DisableScriptedObjects (4ms)
			BackupInstance (0ms)
			ReleaseScriptingObjects (0ms)
			CreateAndSetChildDomain (24ms)
		EndReloadAssembly (610ms)
			LoadAssemblies (66ms)
			RebuildTransferFunctionScriptingTraits (0ms)
			SetupTypeCache (209ms)
			ReleaseScriptCaches (1ms)
			RebuildScriptCaches (32ms)
			SetupLoadedEditorAssemblies (233ms)
				LogAssemblyErrors (0ms)
				InitializePlatformSupportModulesInManaged (4ms)
				SetLoadedEditorAssemblies (1ms)
				RefreshPlugins (1ms)
				BeforeProcessingInitializeOnLoad (64ms)
				ProcessInitializeOnLoadAttributes (153ms)
				ProcessInitializeOnLoadMethodAttributes (10ms)
				AfterProcessingInitializeOnLoad (1ms)
				EditorAssembliesLoaded (0ms)
			ExecutionOrderSort2 (0ms)
			AwakeInstancesAfterBackupRestoration (3ms)
Platform modules already initialized, skipping
Refreshing native plugins compatible for Editor in 0.50 ms, found 3 plugins.
Preloading 0 native plugins for Editor in 0.00 ms.
Unloading 2351 Unused Serialized files (Serialized files now loaded: 0)
System memory in use before: 105.2 MB.
System memory in use after: 105.3 MB.

Unloading 21 unused Assets to reduce memory usage. Loaded Objects now: 2801.
Total: 2.428800 ms (FindLiveObjects: 0.129300 ms CreateObjectMapping: 0.048500 ms MarkObjects: 2.149900 ms  DeleteObjects: 0.100100 ms)

AssetImportParameters requested are different than current active one (requested -> active):
  custom:framework-win-MediaFoundation: 216162199b28c13a410421893ffa2e32 -> 
  custom:video-decoder-ogg-theora: a1e56fd34408186e4bbccfd4996cb3dc -> 
  custom:container-muxer-webm: aa71ff27fc2769a1b78a27578f13a17b -> 
  custom:container-demuxer-webm: 4f35f7cbe854078d1ac9338744f61a02 -> 
  custom:container-demuxer-ogg: 62fdf1f143b41e24485cea50d1cbac27 -> 
  custom:video-encoder-webm-vp8: eb34c28f22e8b96e1ab97ce403110664 -> 
  custom:video-codec-MediaFoundation-h265: 746d11721c4dcdbdad8f713fa42b33f4 -> 
  custom:video-decoder-webm-vp8: 9c59270c3fd7afecdb556c50c9e8de78 -> 
  custom:audio-decoder-ogg-vorbis: bf7c407c2cedff20999df2af8eb42d56 -> 
  custom:audio-encoder-webm-vorbis: bf7c407c2cedff20999df2af8eb42d56 -> 
========================================================================
Received Prepare
Registering precompiled user dll's ...
Registered in 0.001075 seconds.
Begin MonoManager ReloadAssembly
Native extension for WindowsStandalone target not found
Refreshing native plugins compatible for Editor in 0.40 ms, found 3 plugins.
Preloading 0 native plugins for Editor in 0.00 ms.
<WakaTime> Initializing...
UnityEngine.StackTraceUtility:ExtractStackTrace ()
UnityEngine.DebugLogHandler:LogFormat (UnityEngine.LogType,UnityEngine.Object,string,object[])
UnityEngine.Logger:Log (UnityEngine.LogType,object)
UnityEngine.Debug:Log (object)
WakaTime.Plugin:Initialize () (at E:/Git Clone/unity-wakatime-2.4.0/unity-wakatime-2.4.0/Assets/com.vladfaust.unitywakatime/Editor/Plugin.cs:60)
WakaTime.Plugin:.cctor () (at E:/Git Clone/unity-wakatime-2.4.0/unity-wakatime-2.4.0/Assets/com.vladfaust.unitywakatime/Editor/Plugin.cs:34)
System.Runtime.CompilerServices.RuntimeHelpers:RunClassConstructor (System.RuntimeTypeHandle)
UnityEditor.EditorAssemblies:ProcessInitializeOnLoadAttributes (System.Type[])

(Filename: E:/Git Clone/unity-wakatime-2.4.0/unity-wakatime-2.4.0/Assets/com.vladfaust.unitywakatime/Editor/Plugin.cs Line: 60)

<WakaTime> Sending heartbeat...
UnityEngine.StackTraceUtility:ExtractStackTrace ()
UnityEngine.DebugLogHandler:LogFormat (UnityEngine.LogType,UnityEngine.Object,string,object[])
UnityEngine.Logger:Log (UnityEngine.LogType,object)
UnityEngine.Debug:Log (object)
WakaTime.Plugin:SendHeartbeat (bool) (at E:/Git Clone/unity-wakatime-2.4.0/unity-wakatime-2.4.0/Assets/com.vladfaust.unitywakatime/Editor/Plugin.cs:128)
WakaTime.Plugin:Initialize () (at E:/Git Clone/unity-wakatime-2.4.0/unity-wakatime-2.4.0/Assets/com.vladfaust.unitywakatime/Editor/Plugin.cs:62)
WakaTime.Plugin:.cctor () (at E:/Git Clone/unity-wakatime-2.4.0/unity-wakatime-2.4.0/Assets/com.vladfaust.unitywakatime/Editor/Plugin.cs:34)
System.Runtime.CompilerServices.RuntimeHelpers:RunClassConstructor (System.RuntimeTypeHandle)
UnityEditor.EditorAssemblies:ProcessInitializeOnLoadAttributes (System.Type[])

(Filename: E:/Git Clone/unity-wakatime-2.4.0/unity-wakatime-2.4.0/Assets/com.vladfaust.unitywakatime/Editor/Plugin.cs Line: 128)

Mono: successfully reloaded assembly
- Completed reload, in  0.641 seconds
Domain Reload Profiling:
	ReloadAssembly (641ms)
		BeginReloadAssembly (79ms)
			ExecutionOrderSort (0ms)
			DisableScriptedObjects (3ms)
			BackupInstance (0ms)
			ReleaseScriptingObjects (0ms)
			CreateAndSetChildDomain (27ms)
		EndReloadAssembly (527ms)
			LoadAssemblies (59ms)
			RebuildTransferFunctionScriptingTraits (0ms)
			SetupTypeCache (182ms)
			ReleaseScriptCaches (1ms)
			RebuildScriptCaches (28ms)
			SetupLoadedEditorAssemblies (203ms)
				LogAssemblyErrors (0ms)
				InitializePlatformSupportModulesInManaged (3ms)
				SetLoadedEditorAssemblies (0ms)
				RefreshPlugins (0ms)
				BeforeProcessingInitializeOnLoad (52ms)
				ProcessInitializeOnLoadAttributes (137ms)
				ProcessInitializeOnLoadMethodAttributes (10ms)
				AfterProcessingInitializeOnLoad (1ms)
				EditorAssembliesLoaded (0ms)
			ExecutionOrderSort2 (0ms)
			AwakeInstancesAfterBackupRestoration (3ms)
Platform modules already initialized, skipping
Refreshing native plugins compatible for Editor in 0.38 ms, found 3 plugins.
Preloading 0 native plugins for Editor in 0.00 ms.
Unloading 2351 Unused Serialized files (Serialized files now loaded: 0)
System memory in use before: 105.3 MB.
System memory in use after: 105.3 MB.

Unloading 21 unused Assets to reduce memory usage. Loaded Objects now: 2804.
Total: 2.340000 ms (FindLiveObjects: 0.120000 ms CreateObjectMapping: 0.052300 ms MarkObjects: 2.081700 ms  DeleteObjects: 0.085100 ms)

AssetImportParameters requested are different than current active one (requested -> active):
  custom:framework-win-MediaFoundation: 216162199b28c13a410421893ffa2e32 -> 
  custom:video-decoder-ogg-theora: a1e56fd34408186e4bbccfd4996cb3dc -> 
  custom:container-muxer-webm: aa71ff27fc2769a1b78a27578f13a17b -> 
  custom:container-demuxer-webm: 4f35f7cbe854078d1ac9338744f61a02 -> 
  custom:container-demuxer-ogg: 62fdf1f143b41e24485cea50d1cbac27 -> 
  custom:video-encoder-webm-vp8: eb34c28f22e8b96e1ab97ce403110664 -> 
  custom:video-codec-MediaFoundation-h265: 746d11721c4dcdbdad8f713fa42b33f4 -> 
  custom:video-decoder-webm-vp8: 9c59270c3fd7afecdb556c50c9e8de78 -> 
  custom:audio-decoder-ogg-vorbis: bf7c407c2cedff20999df2af8eb42d56 -> 
  custom:audio-encoder-webm-vorbis: bf7c407c2cedff20999df2af8eb42d56 -> 
========================================================================
Received Import Request.
  Time since last request: 1023.148655 seconds.
  path: Assets/Prefabs/Frog.prefab
  artifactKey: Guid(f42fa37e24d4590428541b9f68e7670d) Importer(815301076,1909f56bfc062723c751e8b465ee728b)
Start importing Assets/Prefabs/Frog.prefab using Guid(f42fa37e24d4590428541b9f68e7670d) Importer(815301076,1909f56bfc062723c751e8b465ee728b)  -> (artifact id: 'ebae1ea01574418418c27e1ae1d4b408') in 0.069291 seconds 
========================================================================
Received Prepare
Registering precompiled user dll's ...
Registered in 0.001320 seconds.
Begin MonoManager ReloadAssembly
Native extension for WindowsStandalone target not found
Refreshing native plugins compatible for Editor in 0.38 ms, found 3 plugins.
Preloading 0 native plugins for Editor in 0.00 ms.
<WakaTime> Initializing...
UnityEngine.StackTraceUtility:ExtractStackTrace ()
UnityEngine.DebugLogHandler:LogFormat (UnityEngine.LogType,UnityEngine.Object,string,object[])
UnityEngine.Logger:Log (UnityEngine.LogType,object)
UnityEngine.Debug:Log (object)
WakaTime.Plugin:Initialize () (at E:/Git Clone/unity-wakatime-2.4.0/unity-wakatime-2.4.0/Assets/com.vladfaust.unitywakatime/Editor/Plugin.cs:60)
WakaTime.Plugin:.cctor () (at E:/Git Clone/unity-wakatime-2.4.0/unity-wakatime-2.4.0/Assets/com.vladfaust.unitywakatime/Editor/Plugin.cs:34)
System.Runtime.CompilerServices.RuntimeHelpers:RunClassConstructor (System.RuntimeTypeHandle)
UnityEditor.EditorAssemblies:ProcessInitializeOnLoadAttributes (System.Type[])

(Filename: E:/Git Clone/unity-wakatime-2.4.0/unity-wakatime-2.4.0/Assets/com.vladfaust.unitywakatime/Editor/Plugin.cs Line: 60)

<WakaTime> Sending heartbeat...
UnityEngine.StackTraceUtility:ExtractStackTrace ()
UnityEngine.DebugLogHandler:LogFormat (UnityEngine.LogType,UnityEngine.Object,string,object[])
UnityEngine.Logger:Log (UnityEngine.LogType,object)
UnityEngine.Debug:Log (object)
WakaTime.Plugin:SendHeartbeat (bool) (at E:/Git Clone/unity-wakatime-2.4.0/unity-wakatime-2.4.0/Assets/com.vladfaust.unitywakatime/Editor/Plugin.cs:128)
WakaTime.Plugin:Initialize () (at E:/Git Clone/unity-wakatime-2.4.0/unity-wakatime-2.4.0/Assets/com.vladfaust.unitywakatime/Editor/Plugin.cs:62)
WakaTime.Plugin:.cctor () (at E:/Git Clone/unity-wakatime-2.4.0/unity-wakatime-2.4.0/Assets/com.vladfaust.unitywakatime/Editor/Plugin.cs:34)
System.Runtime.CompilerServices.RuntimeHelpers:RunClassConstructor (System.RuntimeTypeHandle)
UnityEditor.EditorAssemblies:ProcessInitializeOnLoadAttributes (System.Type[])

(Filename: E:/Git Clone/unity-wakatime-2.4.0/unity-wakatime-2.4.0/Assets/com.vladfaust.unitywakatime/Editor/Plugin.cs Line: 128)

Mono: successfully reloaded assembly
- Completed reload, in  0.657 seconds
Domain Reload Profiling:
	ReloadAssembly (657ms)
		BeginReloadAssembly (75ms)
			ExecutionOrderSort (0ms)
			DisableScriptedObjects (3ms)
			BackupInstance (0ms)
			ReleaseScriptingObjects (0ms)
			CreateAndSetChildDomain (25ms)
		EndReloadAssembly (544ms)
			LoadAssemblies (57ms)
			RebuildTransferFunctionScriptingTraits (0ms)
			SetupTypeCache (177ms)
			ReleaseScriptCaches (1ms)
			RebuildScriptCaches (28ms)
			SetupLoadedEditorAssemblies (222ms)
				LogAssemblyErrors (0ms)
				InitializePlatformSupportModulesInManaged (3ms)
				SetLoadedEditorAssemblies (0ms)
				RefreshPlugins (0ms)
				BeforeProcessingInitializeOnLoad (54ms)
				ProcessInitializeOnLoadAttributes (153ms)
				ProcessInitializeOnLoadMethodAttributes (11ms)
				AfterProcessingInitializeOnLoad (1ms)
				EditorAssembliesLoaded (0ms)
			ExecutionOrderSort2 (0ms)
			AwakeInstancesAfterBackupRestoration (3ms)
Platform modules already initialized, skipping
Refreshing native plugins compatible for Editor in 0.52 ms, found 3 plugins.
Preloading 0 native plugins for Editor in 0.00 ms.
Unloading 2351 Unused Serialized files (Serialized files now loaded: 0)
System memory in use before: 108.2 MB.
System memory in use after: 108.2 MB.

Unloading 21 unused Assets to reduce memory usage. Loaded Objects now: 2814.
Total: 2.329700 ms (FindLiveObjects: 0.128600 ms CreateObjectMapping: 0.051300 ms MarkObjects: 2.046600 ms  DeleteObjects: 0.102400 ms)

AssetImportParameters requested are different than current active one (requested -> active):
  custom:framework-win-MediaFoundation: 216162199b28c13a410421893ffa2e32 -> 
  custom:video-decoder-ogg-theora: a1e56fd34408186e4bbccfd4996cb3dc -> 
  custom:container-muxer-webm: aa71ff27fc2769a1b78a27578f13a17b -> 
  custom:container-demuxer-webm: 4f35f7cbe854078d1ac9338744f61a02 -> 
  custom:container-demuxer-ogg: 62fdf1f143b41e24485cea50d1cbac27 -> 
  custom:video-encoder-webm-vp8: eb34c28f22e8b96e1ab97ce403110664 -> 
  custom:video-codec-MediaFoundation-h265: 746d11721c4dcdbdad8f713fa42b33f4 -> 
  custom:video-decoder-webm-vp8: 9c59270c3fd7afecdb556c50c9e8de78 -> 
  custom:audio-decoder-ogg-vorbis: bf7c407c2cedff20999df2af8eb42d56 -> 
  custom:audio-encoder-webm-vorbis: bf7c407c2cedff20999df2af8eb42d56 -> 
========================================================================
Received Prepare
Registering precompiled user dll's ...
Registered in 0.001123 seconds.
Begin MonoManager ReloadAssembly
Curl error 42: Callback aborted
Native extension for WindowsStandalone target not found
Refreshing native plugins compatible for Editor in 0.39 ms, found 3 plugins.
Preloading 0 native plugins for Editor in 0.00 ms.
<WakaTime> Initializing...
UnityEngine.StackTraceUtility:ExtractStackTrace ()
UnityEngine.DebugLogHandler:LogFormat (UnityEngine.LogType,UnityEngine.Object,string,object[])
UnityEngine.Logger:Log (UnityEngine.LogType,object)
UnityEngine.Debug:Log (object)
WakaTime.Plugin:Initialize () (at E:/Git Clone/unity-wakatime-2.4.0/unity-wakatime-2.4.0/Assets/com.vladfaust.unitywakatime/Editor/Plugin.cs:60)
WakaTime.Plugin:.cctor () (at E:/Git Clone/unity-wakatime-2.4.0/unity-wakatime-2.4.0/Assets/com.vladfaust.unitywakatime/Editor/Plugin.cs:34)
System.Runtime.CompilerServices.RuntimeHelpers:RunClassConstructor (System.RuntimeTypeHandle)
UnityEditor.EditorAssemblies:ProcessInitializeOnLoadAttributes (System.Type[])

(Filename: E:/Git Clone/unity-wakatime-2.4.0/unity-wakatime-2.4.0/Assets/com.vladfaust.unitywakatime/Editor/Plugin.cs Line: 60)

<WakaTime> Sending heartbeat...
UnityEngine.StackTraceUtility:ExtractStackTrace ()
UnityEngine.DebugLogHandler:LogFormat (UnityEngine.LogType,UnityEngine.Object,string,object[])
UnityEngine.Logger:Log (UnityEngine.LogType,object)
UnityEngine.Debug:Log (object)
WakaTime.Plugin:SendHeartbeat (bool) (at E:/Git Clone/unity-wakatime-2.4.0/unity-wakatime-2.4.0/Assets/com.vladfaust.unitywakatime/Editor/Plugin.cs:128)
WakaTime.Plugin:Initialize () (at E:/Git Clone/unity-wakatime-2.4.0/unity-wakatime-2.4.0/Assets/com.vladfaust.unitywakatime/Editor/Plugin.cs:62)
WakaTime.Plugin:.cctor () (at E:/Git Clone/unity-wakatime-2.4.0/unity-wakatime-2.4.0/Assets/com.vladfaust.unitywakatime/Editor/Plugin.cs:34)
System.Runtime.CompilerServices.RuntimeHelpers:RunClassConstructor (System.RuntimeTypeHandle)
UnityEditor.EditorAssemblies:ProcessInitializeOnLoadAttributes (System.Type[])

(Filename: E:/Git Clone/unity-wakatime-2.4.0/unity-wakatime-2.4.0/Assets/com.vladfaust.unitywakatime/Editor/Plugin.cs Line: 128)

Mono: successfully reloaded assembly
- Completed reload, in  0.654 seconds
Domain Reload Profiling:
	ReloadAssembly (655ms)
		BeginReloadAssembly (76ms)
			ExecutionOrderSort (0ms)
			DisableScriptedObjects (4ms)
			BackupInstance (0ms)
			ReleaseScriptingObjects (0ms)
			CreateAndSetChildDomain (23ms)
		EndReloadAssembly (538ms)
			LoadAssemblies (61ms)
			RebuildTransferFunctionScriptingTraits (0ms)
			SetupTypeCache (183ms)
			ReleaseScriptCaches (1ms)
			RebuildScriptCaches (28ms)
			SetupLoadedEditorAssemblies (212ms)
				LogAssemblyErrors (0ms)
				InitializePlatformSupportModulesInManaged (3ms)
				SetLoadedEditorAssemblies (0ms)
				RefreshPlugins (0ms)
				BeforeProcessingInitializeOnLoad (52ms)
				ProcessInitializeOnLoadAttributes (146ms)
				ProcessInitializeOnLoadMethodAttributes (10ms)
				AfterProcessingInitializeOnLoad (1ms)
				EditorAssembliesLoaded (0ms)
			ExecutionOrderSort2 (0ms)
			AwakeInstancesAfterBackupRestoration (3ms)
Platform modules already initialized, skipping
Refreshing native plugins compatible for Editor in 0.37 ms, found 3 plugins.
Preloading 0 native plugins for Editor in 0.00 ms.
Unloading 2351 Unused Serialized files (Serialized files now loaded: 0)
System memory in use before: 108.3 MB.
System memory in use after: 108.3 MB.

Unloading 21 unused Assets to reduce memory usage. Loaded Objects now: 2817.
Total: 2.273700 ms (FindLiveObjects: 0.113900 ms CreateObjectMapping: 0.045800 ms MarkObjects: 2.027800 ms  DeleteObjects: 0.085400 ms)

AssetImportParameters requested are different than current active one (requested -> active):
  custom:framework-win-MediaFoundation: 216162199b28c13a410421893ffa2e32 -> 
  custom:video-decoder-ogg-theora: a1e56fd34408186e4bbccfd4996cb3dc -> 
  custom:container-muxer-webm: aa71ff27fc2769a1b78a27578f13a17b -> 
  custom:container-demuxer-webm: 4f35f7cbe854078d1ac9338744f61a02 -> 
  custom:container-demuxer-ogg: 62fdf1f143b41e24485cea50d1cbac27 -> 
  custom:video-encoder-webm-vp8: eb34c28f22e8b96e1ab97ce403110664 -> 
  custom:video-codec-MediaFoundation-h265: 746d11721c4dcdbdad8f713fa42b33f4 -> 
  custom:video-decoder-webm-vp8: 9c59270c3fd7afecdb556c50c9e8de78 -> 
  custom:audio-decoder-ogg-vorbis: bf7c407c2cedff20999df2af8eb42d56 -> 
  custom:audio-encoder-webm-vorbis: bf7c407c2cedff20999df2af8eb42d56 -> 
========================================================================
Received Prepare
Registering precompiled user dll's ...
Registered in 0.001426 seconds.
Begin MonoManager ReloadAssembly
Native extension for WindowsStandalone target not found
Refreshing native plugins compatible for Editor in 0.40 ms, found 3 plugins.
Preloading 0 native plugins for Editor in 0.00 ms.
<WakaTime> Initializing...
UnityEngine.StackTraceUtility:ExtractStackTrace ()
UnityEngine.DebugLogHandler:LogFormat (UnityEngine.LogType,UnityEngine.Object,string,object[])
UnityEngine.Logger:Log (UnityEngine.LogType,object)
UnityEngine.Debug:Log (object)
WakaTime.Plugin:Initialize () (at E:/Git Clone/unity-wakatime-2.4.0/unity-wakatime-2.4.0/Assets/com.vladfaust.unitywakatime/Editor/Plugin.cs:60)
WakaTime.Plugin:.cctor () (at E:/Git Clone/unity-wakatime-2.4.0/unity-wakatime-2.4.0/Assets/com.vladfaust.unitywakatime/Editor/Plugin.cs:34)
System.Runtime.CompilerServices.RuntimeHelpers:RunClassConstructor (System.RuntimeTypeHandle)
UnityEditor.EditorAssemblies:ProcessInitializeOnLoadAttributes (System.Type[])

(Filename: E:/Git Clone/unity-wakatime-2.4.0/unity-wakatime-2.4.0/Assets/com.vladfaust.unitywakatime/Editor/Plugin.cs Line: 60)

<WakaTime> Sending heartbeat...
UnityEngine.StackTraceUtility:ExtractStackTrace ()
UnityEngine.DebugLogHandler:LogFormat (UnityEngine.LogType,UnityEngine.Object,string,object[])
UnityEngine.Logger:Log (UnityEngine.LogType,object)
UnityEngine.Debug:Log (object)
WakaTime.Plugin:SendHeartbeat (bool) (at E:/Git Clone/unity-wakatime-2.4.0/unity-wakatime-2.4.0/Assets/com.vladfaust.unitywakatime/Editor/Plugin.cs:128)
WakaTime.Plugin:Initialize () (at E:/Git Clone/unity-wakatime-2.4.0/unity-wakatime-2.4.0/Assets/com.vladfaust.unitywakatime/Editor/Plugin.cs:62)
WakaTime.Plugin:.cctor () (at E:/Git Clone/unity-wakatime-2.4.0/unity-wakatime-2.4.0/Assets/com.vladfaust.unitywakatime/Editor/Plugin.cs:34)
System.Runtime.CompilerServices.RuntimeHelpers:RunClassConstructor (System.RuntimeTypeHandle)
UnityEditor.EditorAssemblies:ProcessInitializeOnLoadAttributes (System.Type[])

(Filename: E:/Git Clone/unity-wakatime-2.4.0/unity-wakatime-2.4.0/Assets/com.vladfaust.unitywakatime/Editor/Plugin.cs Line: 128)

Mono: successfully reloaded assembly
- Completed reload, in  0.697 seconds
Domain Reload Profiling:
	ReloadAssembly (697ms)
		BeginReloadAssembly (73ms)
			ExecutionOrderSort (0ms)
			DisableScriptedObjects (4ms)
			BackupInstance (0ms)
			ReleaseScriptingObjects (0ms)
			CreateAndSetChildDomain (23ms)
		EndReloadAssembly (588ms)
			LoadAssemblies (57ms)
			RebuildTransferFunctionScriptingTraits (0ms)
			SetupTypeCache (209ms)
			ReleaseScriptCaches (1ms)
			RebuildScriptCaches (29ms)
			SetupLoadedEditorAssemblies (230ms)
				LogAssemblyErrors (0ms)
				InitializePlatformSupportModulesInManaged (3ms)
				SetLoadedEditorAssemblies (0ms)
				RefreshPlugins (0ms)
				BeforeProcessingInitializeOnLoad (56ms)
				ProcessInitializeOnLoadAttributes (156ms)
				ProcessInitializeOnLoadMethodAttributes (13ms)
				AfterProcessingInitializeOnLoad (1ms)
				EditorAssembliesLoaded (0ms)
			ExecutionOrderSort2 (0ms)
			AwakeInstancesAfterBackupRestoration (3ms)
Platform modules already initialized, skipping
Refreshing native plugins compatible for Editor in 0.48 ms, found 3 plugins.
Preloading 0 native plugins for Editor in 0.00 ms.
Unloading 2351 Unused Serialized files (Serialized files now loaded: 0)
System memory in use before: 108.3 MB.
System memory in use after: 108.3 MB.

Unloading 21 unused Assets to reduce memory usage. Loaded Objects now: 2820.
Total: 2.389800 ms (FindLiveObjects: 0.131400 ms CreateObjectMapping: 0.085300 ms MarkObjects: 2.069100 ms  DeleteObjects: 0.103200 ms)

AssetImportParameters requested are different than current active one (requested -> active):
  custom:framework-win-MediaFoundation: 216162199b28c13a410421893ffa2e32 -> 
  custom:video-decoder-ogg-theora: a1e56fd34408186e4bbccfd4996cb3dc -> 
  custom:container-muxer-webm: aa71ff27fc2769a1b78a27578f13a17b -> 
  custom:container-demuxer-webm: 4f35f7cbe854078d1ac9338744f61a02 -> 
  custom:container-demuxer-ogg: 62fdf1f143b41e24485cea50d1cbac27 -> 
  custom:video-encoder-webm-vp8: eb34c28f22e8b96e1ab97ce403110664 -> 
  custom:video-codec-MediaFoundation-h265: 746d11721c4dcdbdad8f713fa42b33f4 -> 
  custom:video-decoder-webm-vp8: 9c59270c3fd7afecdb556c50c9e8de78 -> 
  custom:audio-decoder-ogg-vorbis: bf7c407c2cedff20999df2af8eb42d56 -> 
  custom:audio-encoder-webm-vorbis: bf7c407c2cedff20999df2af8eb42d56 -> 
========================================================================
Received Prepare
Registering precompiled user dll's ...
Registered in 0.001510 seconds.
Begin MonoManager ReloadAssembly
Curl error 42: Callback aborted
Native extension for WindowsStandalone target not found
Refreshing native plugins compatible for Editor in 0.38 ms, found 3 plugins.
Preloading 0 native plugins for Editor in 0.00 ms.
<WakaTime> Initializing...
UnityEngine.StackTraceUtility:ExtractStackTrace ()
UnityEngine.DebugLogHandler:LogFormat (UnityEngine.LogType,UnityEngine.Object,string,object[])
UnityEngine.Logger:Log (UnityEngine.LogType,object)
UnityEngine.Debug:Log (object)
WakaTime.Plugin:Initialize () (at E:/Git Clone/unity-wakatime-2.4.0/unity-wakatime-2.4.0/Assets/com.vladfaust.unitywakatime/Editor/Plugin.cs:60)
WakaTime.Plugin:.cctor () (at E:/Git Clone/unity-wakatime-2.4.0/unity-wakatime-2.4.0/Assets/com.vladfaust.unitywakatime/Editor/Plugin.cs:34)
System.Runtime.CompilerServices.RuntimeHelpers:RunClassConstructor (System.RuntimeTypeHandle)
UnityEditor.EditorAssemblies:ProcessInitializeOnLoadAttributes (System.Type[])

(Filename: E:/Git Clone/unity-wakatime-2.4.0/unity-wakatime-2.4.0/Assets/com.vladfaust.unitywakatime/Editor/Plugin.cs Line: 60)

<WakaTime> Sending heartbeat...
UnityEngine.StackTraceUtility:ExtractStackTrace ()
UnityEngine.DebugLogHandler:LogFormat (UnityEngine.LogType,UnityEngine.Object,string,object[])
UnityEngine.Logger:Log (UnityEngine.LogType,object)
UnityEngine.Debug:Log (object)
WakaTime.Plugin:SendHeartbeat (bool) (at E:/Git Clone/unity-wakatime-2.4.0/unity-wakatime-2.4.0/Assets/com.vladfaust.unitywakatime/Editor/Plugin.cs:128)
WakaTime.Plugin:Initialize () (at E:/Git Clone/unity-wakatime-2.4.0/unity-wakatime-2.4.0/Assets/com.vladfaust.unitywakatime/Editor/Plugin.cs:62)
WakaTime.Plugin:.cctor () (at E:/Git Clone/unity-wakatime-2.4.0/unity-wakatime-2.4.0/Assets/com.vladfaust.unitywakatime/Editor/Plugin.cs:34)
System.Runtime.CompilerServices.RuntimeHelpers:RunClassConstructor (System.RuntimeTypeHandle)
UnityEditor.EditorAssemblies:ProcessInitializeOnLoadAttributes (System.Type[])

(Filename: E:/Git Clone/unity-wakatime-2.4.0/unity-wakatime-2.4.0/Assets/com.vladfaust.unitywakatime/Editor/Plugin.cs Line: 128)

Mono: successfully reloaded assembly
- Completed reload, in  0.689 seconds
Domain Reload Profiling:
	ReloadAssembly (689ms)
		BeginReloadAssembly (80ms)
			ExecutionOrderSort (0ms)
			DisableScriptedObjects (5ms)
			BackupInstance (0ms)
			ReleaseScriptingObjects (0ms)
			CreateAndSetChildDomain (23ms)
		EndReloadAssembly (568ms)
			LoadAssemblies (70ms)
			RebuildTransferFunctionScriptingTraits (0ms)
			SetupTypeCache (202ms)
			ReleaseScriptCaches (1ms)
			RebuildScriptCaches (29ms)
			SetupLoadedEditorAssemblies (212ms)
				LogAssemblyErrors (0ms)
				InitializePlatformSupportModulesInManaged (3ms)
				SetLoadedEditorAssemblies (0ms)
				RefreshPlugins (0ms)
				BeforeProcessingInitializeOnLoad (57ms)
				ProcessInitializeOnLoadAttributes (141ms)
				ProcessInitializeOnLoadMethodAttributes (9ms)
				AfterProcessingInitializeOnLoad (1ms)
				EditorAssembliesLoaded (0ms)
			ExecutionOrderSort2 (0ms)
			AwakeInstancesAfterBackupRestoration (3ms)
Platform modules already initialized, skipping
Refreshing native plugins compatible for Editor in 0.39 ms, found 3 plugins.
Preloading 0 native plugins for Editor in 0.00 ms.
Unloading 2351 Unused Serialized files (Serialized files now loaded: 0)
System memory in use before: 108.3 MB.
System memory in use after: 108.3 MB.

Unloading 21 unused Assets to reduce memory usage. Loaded Objects now: 2823.
Total: 2.352300 ms (FindLiveObjects: 0.143500 ms CreateObjectMapping: 0.056300 ms MarkObjects: 2.061700 ms  DeleteObjects: 0.089900 ms)

AssetImportParameters requested are different than current active one (requested -> active):
  custom:framework-win-MediaFoundation: 216162199b28c13a410421893ffa2e32 -> 
  custom:video-decoder-ogg-theora: a1e56fd34408186e4bbccfd4996cb3dc -> 
  custom:container-muxer-webm: aa71ff27fc2769a1b78a27578f13a17b -> 
  custom:container-demuxer-webm: 4f35f7cbe854078d1ac9338744f61a02 -> 
  custom:container-demuxer-ogg: 62fdf1f143b41e24485cea50d1cbac27 -> 
  custom:video-encoder-webm-vp8: eb34c28f22e8b96e1ab97ce403110664 -> 
  custom:video-codec-MediaFoundation-h265: 746d11721c4dcdbdad8f713fa42b33f4 -> 
  custom:video-decoder-webm-vp8: 9c59270c3fd7afecdb556c50c9e8de78 -> 
  custom:audio-decoder-ogg-vorbis: bf7c407c2cedff20999df2af8eb42d56 -> 
  custom:audio-encoder-webm-vorbis: bf7c407c2cedff20999df2af8eb42d56 -> 
========================================================================
Received Prepare
Registering precompiled user dll's ...
Registered in 0.001152 seconds.
Begin MonoManager ReloadAssembly
Native extension for WindowsStandalone target not found
Refreshing native plugins compatible for Editor in 0.41 ms, found 3 plugins.
Preloading 0 native plugins for Editor in 0.00 ms.
<WakaTime> Initializing...
UnityEngine.StackTraceUtility:ExtractStackTrace ()
UnityEngine.DebugLogHandler:LogFormat (UnityEngine.LogType,UnityEngine.Object,string,object[])
UnityEngine.Logger:Log (UnityEngine.LogType,object)
UnityEngine.Debug:Log (object)
WakaTime.Plugin:Initialize () (at E:/Git Clone/unity-wakatime-2.4.0/unity-wakatime-2.4.0/Assets/com.vladfaust.unitywakatime/Editor/Plugin.cs:60)
WakaTime.Plugin:.cctor () (at E:/Git Clone/unity-wakatime-2.4.0/unity-wakatime-2.4.0/Assets/com.vladfaust.unitywakatime/Editor/Plugin.cs:34)
System.Runtime.CompilerServices.RuntimeHelpers:RunClassConstructor (System.RuntimeTypeHandle)
UnityEditor.EditorAssemblies:ProcessInitializeOnLoadAttributes (System.Type[])

(Filename: E:/Git Clone/unity-wakatime-2.4.0/unity-wakatime-2.4.0/Assets/com.vladfaust.unitywakatime/Editor/Plugin.cs Line: 60)

<WakaTime> Sending heartbeat...
UnityEngine.StackTraceUtility:ExtractStackTrace ()
UnityEngine.DebugLogHandler:LogFormat (UnityEngine.LogType,UnityEngine.Object,string,object[])
UnityEngine.Logger:Log (UnityEngine.LogType,object)
UnityEngine.Debug:Log (object)
WakaTime.Plugin:SendHeartbeat (bool) (at E:/Git Clone/unity-wakatime-2.4.0/unity-wakatime-2.4.0/Assets/com.vladfaust.unitywakatime/Editor/Plugin.cs:128)
WakaTime.Plugin:Initialize () (at E:/Git Clone/unity-wakatime-2.4.0/unity-wakatime-2.4.0/Assets/com.vladfaust.unitywakatime/Editor/Plugin.cs:62)
WakaTime.Plugin:.cctor () (at E:/Git Clone/unity-wakatime-2.4.0/unity-wakatime-2.4.0/Assets/com.vladfaust.unitywakatime/Editor/Plugin.cs:34)
System.Runtime.CompilerServices.RuntimeHelpers:RunClassConstructor (System.RuntimeTypeHandle)
UnityEditor.EditorAssemblies:ProcessInitializeOnLoadAttributes (System.Type[])

(Filename: E:/Git Clone/unity-wakatime-2.4.0/unity-wakatime-2.4.0/Assets/com.vladfaust.unitywakatime/Editor/Plugin.cs Line: 128)

Mono: successfully reloaded assembly
- Completed reload, in  0.660 seconds
Domain Reload Profiling:
	ReloadAssembly (660ms)
		BeginReloadAssembly (76ms)
			ExecutionOrderSort (0ms)
			DisableScriptedObjects (4ms)
			BackupInstance (0ms)
			ReleaseScriptingObjects (0ms)
			CreateAndSetChildDomain (23ms)
		EndReloadAssembly (536ms)
			LoadAssemblies (67ms)
			RebuildTransferFunctionScriptingTraits (0ms)
			SetupTypeCache (188ms)
			ReleaseScriptCaches (1ms)
			RebuildScriptCaches (27ms)
			SetupLoadedEditorAssemblies (205ms)
				LogAssemblyErrors (0ms)
				InitializePlatformSupportModulesInManaged (3ms)
				SetLoadedEditorAssemblies (0ms)
				RefreshPlugins (0ms)
				BeforeProcessingInitializeOnLoad (50ms)
				ProcessInitializeOnLoadAttributes (141ms)
				ProcessInitializeOnLoadMethodAttributes (10ms)
				AfterProcessingInitializeOnLoad (1ms)
				EditorAssembliesLoaded (0ms)
			ExecutionOrderSort2 (0ms)
			AwakeInstancesAfterBackupRestoration (3ms)
Platform modules already initialized, skipping
Refreshing native plugins compatible for Editor in 0.39 ms, found 3 plugins.
Preloading 0 native plugins for Editor in 0.00 ms.
Unloading 2351 Unused Serialized files (Serialized files now loaded: 0)
System memory in use before: 108.3 MB.
System memory in use after: 108.3 MB.

Unloading 21 unused Assets to reduce memory usage. Loaded Objects now: 2826.
Total: 2.284100 ms (FindLiveObjects: 0.122300 ms CreateObjectMapping: 0.048100 ms MarkObjects: 2.026500 ms  DeleteObjects: 0.086300 ms)

AssetImportParameters requested are different than current active one (requested -> active):
  custom:framework-win-MediaFoundation: 216162199b28c13a410421893ffa2e32 -> 
  custom:video-decoder-ogg-theora: a1e56fd34408186e4bbccfd4996cb3dc -> 
  custom:container-muxer-webm: aa71ff27fc2769a1b78a27578f13a17b -> 
  custom:container-demuxer-webm: 4f35f7cbe854078d1ac9338744f61a02 -> 
  custom:container-demuxer-ogg: 62fdf1f143b41e24485cea50d1cbac27 -> 
  custom:video-encoder-webm-vp8: eb34c28f22e8b96e1ab97ce403110664 -> 
  custom:video-codec-MediaFoundation-h265: 746d11721c4dcdbdad8f713fa42b33f4 -> 
  custom:video-decoder-webm-vp8: 9c59270c3fd7afecdb556c50c9e8de78 -> 
  custom:audio-decoder-ogg-vorbis: bf7c407c2cedff20999df2af8eb42d56 -> 
  custom:audio-encoder-webm-vorbis: bf7c407c2cedff20999df2af8eb42d56 -> 
========================================================================
Received Prepare
Registering precompiled user dll's ...
Registered in 0.001104 seconds.
Begin MonoManager ReloadAssembly
Native extension for WindowsStandalone target not found
Refreshing native plugins compatible for Editor in 0.38 ms, found 3 plugins.
Preloading 0 native plugins for Editor in 0.00 ms.
<WakaTime> Initializing...
UnityEngine.StackTraceUtility:ExtractStackTrace ()
UnityEngine.DebugLogHandler:LogFormat (UnityEngine.LogType,UnityEngine.Object,string,object[])
UnityEngine.Logger:Log (UnityEngine.LogType,object)
UnityEngine.Debug:Log (object)
WakaTime.Plugin:Initialize () (at E:/Git Clone/unity-wakatime-2.4.0/unity-wakatime-2.4.0/Assets/com.vladfaust.unitywakatime/Editor/Plugin.cs:60)
WakaTime.Plugin:.cctor () (at E:/Git Clone/unity-wakatime-2.4.0/unity-wakatime-2.4.0/Assets/com.vladfaust.unitywakatime/Editor/Plugin.cs:34)
System.Runtime.CompilerServices.RuntimeHelpers:RunClassConstructor (System.RuntimeTypeHandle)
UnityEditor.EditorAssemblies:ProcessInitializeOnLoadAttributes (System.Type[])

(Filename: E:/Git Clone/unity-wakatime-2.4.0/unity-wakatime-2.4.0/Assets/com.vladfaust.unitywakatime/Editor/Plugin.cs Line: 60)

<WakaTime> Sending heartbeat...
UnityEngine.StackTraceUtility:ExtractStackTrace ()
UnityEngine.DebugLogHandler:LogFormat (UnityEngine.LogType,UnityEngine.Object,string,object[])
UnityEngine.Logger:Log (UnityEngine.LogType,object)
UnityEngine.Debug:Log (object)
WakaTime.Plugin:SendHeartbeat (bool) (at E:/Git Clone/unity-wakatime-2.4.0/unity-wakatime-2.4.0/Assets/com.vladfaust.unitywakatime/Editor/Plugin.cs:128)
WakaTime.Plugin:Initialize () (at E:/Git Clone/unity-wakatime-2.4.0/unity-wakatime-2.4.0/Assets/com.vladfaust.unitywakatime/Editor/Plugin.cs:62)
WakaTime.Plugin:.cctor () (at E:/Git Clone/unity-wakatime-2.4.0/unity-wakatime-2.4.0/Assets/com.vladfaust.unitywakatime/Editor/Plugin.cs:34)
System.Runtime.CompilerServices.RuntimeHelpers:RunClassConstructor (System.RuntimeTypeHandle)
UnityEditor.EditorAssemblies:ProcessInitializeOnLoadAttributes (System.Type[])

(Filename: E:/Git Clone/unity-wakatime-2.4.0/unity-wakatime-2.4.0/Assets/com.vladfaust.unitywakatime/Editor/Plugin.cs Line: 128)

Mono: successfully reloaded assembly
- Completed reload, in  0.676 seconds
Domain Reload Profiling:
	ReloadAssembly (677ms)
		BeginReloadAssembly (85ms)
			ExecutionOrderSort (0ms)
			DisableScriptedObjects (6ms)
			BackupInstance (0ms)
			ReleaseScriptingObjects (0ms)
			CreateAndSetChildDomain (26ms)
		EndReloadAssembly (552ms)
			LoadAssemblies (65ms)
			RebuildTransferFunctionScriptingTraits (0ms)
			SetupTypeCache (193ms)
			ReleaseScriptCaches (1ms)
			RebuildScriptCaches (30ms)
			SetupLoadedEditorAssemblies (213ms)
				LogAssemblyErrors (0ms)
				InitializePlatformSupportModulesInManaged (3ms)
				SetLoadedEditorAssemblies (0ms)
				RefreshPlugins (0ms)
				BeforeProcessingInitializeOnLoad (54ms)
				ProcessInitializeOnLoadAttributes (143ms)
				ProcessInitializeOnLoadMethodAttributes (11ms)
				AfterProcessingInitializeOnLoad (1ms)
				EditorAssembliesLoaded (0ms)
			ExecutionOrderSort2 (0ms)
			AwakeInstancesAfterBackupRestoration (3ms)
Platform modules already initialized, skipping
Refreshing native plugins compatible for Editor in 0.35 ms, found 3 plugins.
Preloading 0 native plugins for Editor in 0.00 ms.
Unloading 2351 Unused Serialized files (Serialized files now loaded: 0)
System memory in use before: 108.2 MB.
System memory in use after: 108.3 MB.

Unloading 21 unused Assets to reduce memory usage. Loaded Objects now: 2829.
Total: 2.224800 ms (FindLiveObjects: 0.113100 ms CreateObjectMapping: 0.046700 ms MarkObjects: 1.974000 ms  DeleteObjects: 0.090300 ms)

AssetImportParameters requested are different than current active one (requested -> active):
  custom:framework-win-MediaFoundation: 216162199b28c13a410421893ffa2e32 -> 
  custom:video-decoder-ogg-theora: a1e56fd34408186e4bbccfd4996cb3dc -> 
  custom:container-muxer-webm: aa71ff27fc2769a1b78a27578f13a17b -> 
  custom:container-demuxer-webm: 4f35f7cbe854078d1ac9338744f61a02 -> 
  custom:container-demuxer-ogg: 62fdf1f143b41e24485cea50d1cbac27 -> 
  custom:video-encoder-webm-vp8: eb34c28f22e8b96e1ab97ce403110664 -> 
  custom:video-codec-MediaFoundation-h265: 746d11721c4dcdbdad8f713fa42b33f4 -> 
  custom:video-decoder-webm-vp8: 9c59270c3fd7afecdb556c50c9e8de78 -> 
  custom:audio-decoder-ogg-vorbis: bf7c407c2cedff20999df2af8eb42d56 -> 
  custom:audio-encoder-webm-vorbis: bf7c407c2cedff20999df2af8eb42d56 -> 
========================================================================
Received Prepare
Registering precompiled user dll's ...
Registered in 0.001383 seconds.
Begin MonoManager ReloadAssembly
Native extension for WindowsStandalone target not found
Refreshing native plugins compatible for Editor in 0.44 ms, found 3 plugins.
Preloading 0 native plugins for Editor in 0.00 ms.
<WakaTime> Initializing...
UnityEngine.StackTraceUtility:ExtractStackTrace ()
UnityEngine.DebugLogHandler:LogFormat (UnityEngine.LogType,UnityEngine.Object,string,object[])
UnityEngine.Logger:Log (UnityEngine.LogType,object)
UnityEngine.Debug:Log (object)
WakaTime.Plugin:Initialize () (at E:/Git Clone/unity-wakatime-2.4.0/unity-wakatime-2.4.0/Assets/com.vladfaust.unitywakatime/Editor/Plugin.cs:60)
WakaTime.Plugin:.cctor () (at E:/Git Clone/unity-wakatime-2.4.0/unity-wakatime-2.4.0/Assets/com.vladfaust.unitywakatime/Editor/Plugin.cs:34)
System.Runtime.CompilerServices.RuntimeHelpers:RunClassConstructor (System.RuntimeTypeHandle)
UnityEditor.EditorAssemblies:ProcessInitializeOnLoadAttributes (System.Type[])

(Filename: E:/Git Clone/unity-wakatime-2.4.0/unity-wakatime-2.4.0/Assets/com.vladfaust.unitywakatime/Editor/Plugin.cs Line: 60)

<WakaTime> Sending heartbeat...
UnityEngine.StackTraceUtility:ExtractStackTrace ()
UnityEngine.DebugLogHandler:LogFormat (UnityEngine.LogType,UnityEngine.Object,string,object[])
UnityEngine.Logger:Log (UnityEngine.LogType,object)
UnityEngine.Debug:Log (object)
WakaTime.Plugin:SendHeartbeat (bool) (at E:/Git Clone/unity-wakatime-2.4.0/unity-wakatime-2.4.0/Assets/com.vladfaust.unitywakatime/Editor/Plugin.cs:128)
WakaTime.Plugin:Initialize () (at E:/Git Clone/unity-wakatime-2.4.0/unity-wakatime-2.4.0/Assets/com.vladfaust.unitywakatime/Editor/Plugin.cs:62)
WakaTime.Plugin:.cctor () (at E:/Git Clone/unity-wakatime-2.4.0/unity-wakatime-2.4.0/Assets/com.vladfaust.unitywakatime/Editor/Plugin.cs:34)
System.Runtime.CompilerServices.RuntimeHelpers:RunClassConstructor (System.RuntimeTypeHandle)
UnityEditor.EditorAssemblies:ProcessInitializeOnLoadAttributes (System.Type[])

(Filename: E:/Git Clone/unity-wakatime-2.4.0/unity-wakatime-2.4.0/Assets/com.vladfaust.unitywakatime/Editor/Plugin.cs Line: 128)

Mono: successfully reloaded assembly
- Completed reload, in  0.763 seconds
Domain Reload Profiling:
	ReloadAssembly (763ms)
		BeginReloadAssembly (87ms)
			ExecutionOrderSort (0ms)
			DisableScriptedObjects (5ms)
			BackupInstance (0ms)
			ReleaseScriptingObjects (0ms)
			CreateAndSetChildDomain (28ms)
		EndReloadAssembly (632ms)
			LoadAssemblies (69ms)
			RebuildTransferFunctionScriptingTraits (0ms)
			SetupTypeCache (210ms)
			ReleaseScriptCaches (1ms)
			RebuildScriptCaches (33ms)
			SetupLoadedEditorAssemblies (255ms)
				LogAssemblyErrors (0ms)
				InitializePlatformSupportModulesInManaged (3ms)
				SetLoadedEditorAssemblies (0ms)
				RefreshPlugins (0ms)
				BeforeProcessingInitializeOnLoad (63ms)
				ProcessInitializeOnLoadAttributes (171ms)
				ProcessInitializeOnLoadMethodAttributes (16ms)
				AfterProcessingInitializeOnLoad (1ms)
				EditorAssembliesLoaded (0ms)
			ExecutionOrderSort2 (0ms)
			AwakeInstancesAfterBackupRestoration (4ms)
Platform modules already initialized, skipping
Refreshing native plugins compatible for Editor in 0.52 ms, found 3 plugins.
Preloading 0 native plugins for Editor in 0.00 ms.
Unloading 2351 Unused Serialized files (Serialized files now loaded: 0)
System memory in use before: 108.3 MB.
System memory in use after: 108.4 MB.

Unloading 21 unused Assets to reduce memory usage. Loaded Objects now: 2832.
Total: 3.163100 ms (FindLiveObjects: 0.150500 ms CreateObjectMapping: 0.052700 ms MarkObjects: 2.818800 ms  DeleteObjects: 0.139600 ms)

AssetImportParameters requested are different than current active one (requested -> active):
  custom:framework-win-MediaFoundation: 216162199b28c13a410421893ffa2e32 -> 
  custom:video-decoder-ogg-theora: a1e56fd34408186e4bbccfd4996cb3dc -> 
  custom:container-muxer-webm: aa71ff27fc2769a1b78a27578f13a17b -> 
  custom:container-demuxer-webm: 4f35f7cbe854078d1ac9338744f61a02 -> 
  custom:container-demuxer-ogg: 62fdf1f143b41e24485cea50d1cbac27 -> 
  custom:video-encoder-webm-vp8: eb34c28f22e8b96e1ab97ce403110664 -> 
  custom:video-codec-MediaFoundation-h265: 746d11721c4dcdbdad8f713fa42b33f4 -> 
  custom:video-decoder-webm-vp8: 9c59270c3fd7afecdb556c50c9e8de78 -> 
  custom:audio-decoder-ogg-vorbis: bf7c407c2cedff20999df2af8eb42d56 -> 
  custom:audio-encoder-webm-vorbis: bf7c407c2cedff20999df2af8eb42d56 -> 
AssetImportWorkerClient::OnTransportError - code=2 error=End of file
